{
  "RSpec": {
    "coverage": {
      "/Users/Nat/Projects/tech_tests/farmdrop/url-shortener-code-test/spec/url_shortener_spec.rb": [
        1,
        null,
        1,
        null,
        1,
        1,
        1,
        null,
        1,
        1,
        null,
        null,
        null
      ],
      "/Users/Nat/Projects/tech_tests/farmdrop/url-shortener-code-test/lib/url_shortener.rb": [
        1,
        null,
        1,
        null,
        1,
        1,
        null,
        null,
        1,
        1,
        null,
        null,
        1,
        1,
        null,
        null,
        null
      ]
    },
    "timestamp": 1575320438
  }
}
